  Main.cpp
d:\works\unityprojects\practices\homographypoint\plugins\homographypoint\homographypoint\main.cpp(29): warning C4244: '引数': 'const double' から 'float' への変換です。データが失われる可能性があります。
d:\works\unityprojects\practices\homographypoint\plugins\homographypoint\homographypoint\main.cpp(30): warning C4244: '引数': 'const double' から 'float' への変換です。データが失われる可能性があります。
d:\works\unityprojects\practices\homographypoint\plugins\homographypoint\homographypoint\main.cpp(31): warning C4244: '引数': 'const double' から 'float' への変換です。データが失われる可能性があります。
d:\works\unityprojects\practices\homographypoint\plugins\homographypoint\homographypoint\main.cpp(32): warning C4244: '引数': 'const double' から 'float' への変換です。データが失われる可能性があります。
d:\works\unityprojects\practices\homographypoint\plugins\homographypoint\homographypoint\main.cpp(34): warning C4244: '引数': 'const double' から 'float' への変換です。データが失われる可能性があります。
d:\works\unityprojects\practices\homographypoint\plugins\homographypoint\homographypoint\main.cpp(35): warning C4244: '引数': 'const double' から 'float' への変換です。データが失われる可能性があります。
d:\works\unityprojects\practices\homographypoint\plugins\homographypoint\homographypoint\main.cpp(36): warning C4244: '引数': 'const double' から 'float' への変換です。データが失われる可能性があります。
d:\works\unityprojects\practices\homographypoint\plugins\homographypoint\homographypoint\main.cpp(37): warning C4244: '引数': 'const double' から 'float' への変換です。データが失われる可能性があります。
d:\works\unityprojects\practices\homographypoint\plugins\homographypoint\homographypoint\main.cpp(80): warning C4244: '引数': 'const double' から 'float' への変換です。データが失われる可能性があります。
d:\works\unityprojects\practices\homographypoint\plugins\homographypoint\homographypoint\main.cpp(81): warning C4244: '引数': 'const double' から 'float' への変換です。データが失われる可能性があります。
d:\works\unityprojects\practices\homographypoint\plugins\homographypoint\homographypoint\main.cpp(82): warning C4244: '引数': 'const double' から 'float' への変換です。データが失われる可能性があります。
d:\works\unityprojects\practices\homographypoint\plugins\homographypoint\homographypoint\main.cpp(83): warning C4244: '引数': 'const double' から 'float' への変換です。データが失われる可能性があります。
d:\works\unityprojects\practices\homographypoint\plugins\homographypoint\homographypoint\main.cpp(85): warning C4244: '引数': 'const double' から 'float' への変換です。データが失われる可能性があります。
d:\works\unityprojects\practices\homographypoint\plugins\homographypoint\homographypoint\main.cpp(86): warning C4244: '引数': 'const double' から 'float' への変換です。データが失われる可能性があります。
d:\works\unityprojects\practices\homographypoint\plugins\homographypoint\homographypoint\main.cpp(87): warning C4244: '引数': 'const double' から 'float' への変換です。データが失われる可能性があります。
d:\works\unityprojects\practices\homographypoint\plugins\homographypoint\homographypoint\main.cpp(88): warning C4244: '引数': 'const double' から 'float' への変換です。データが失われる可能性があります。
d:\works\unityprojects\practices\homographypoint\plugins\homographypoint\homographypoint\main.cpp(96): warning C4244: '初期化中': 'double' から 'float' への変換です。データが失われる可能性があります。
d:\works\unityprojects\practices\homographypoint\plugins\homographypoint\homographypoint\main.cpp(97): warning C4244: '初期化中': 'double' から 'float' への変換です。データが失われる可能性があります。
     ライブラリ D:\works\UnityProjects\practices\HomographyPoint\Plugins\HomographyPoint\x64\Release\HomographyPoint.lib とオブジェクト D:\works\UnityProjects\practices\HomographyPoint\Plugins\HomographyPoint\x64\Release\HomographyPoint.exp を作成中
  コード生成しています。
  1 of 142 functions ( 0.7%) were compiled, the rest were copied from previous compilation.
    0 functions were new in current compilation
    0 functions had inline decision re-evaluated but remain unchanged
  コード生成が終了しました。
  HomographyPoint.vcxproj -> D:\works\UnityProjects\practices\HomographyPoint\Plugins\HomographyPoint\x64\Release\HomographyPoint.dll
